mode: set
github.com/rackerlabs/openCenter-cli/internal/template/cache.go:63.86,69.2 1 0
github.com/rackerlabs/openCenter-cli/internal/template/cache.go:73.76,78.9 4 0
github.com/rackerlabs/openCenter-cli/internal/template/cache.go:78.9,80.3 1 0
github.com/rackerlabs/openCenter-cli/internal/template/cache.go:83.2,83.54 1 0
github.com/rackerlabs/openCenter-cli/internal/template/cache.go:83.54,86.3 1 0
github.com/rackerlabs/openCenter-cli/internal/template/cache.go:89.2,92.29 3 0
github.com/rackerlabs/openCenter-cli/internal/template/cache.go:97.74,102.50 3 0
github.com/rackerlabs/openCenter-cli/internal/template/cache.go:102.50,105.3 1 0
github.com/rackerlabs/openCenter-cli/internal/template/cache.go:108.2,108.15 1 0
github.com/rackerlabs/openCenter-cli/internal/template/cache.go:108.15,110.3 1 0
github.com/rackerlabs/openCenter-cli/internal/template/cache.go:113.2,118.3 1 0
github.com/rackerlabs/openCenter-cli/internal/template/cache.go:122.52,127.2 3 0
github.com/rackerlabs/openCenter-cli/internal/template/cache.go:130.41,135.2 3 0
github.com/rackerlabs/openCenter-cli/internal/template/cache.go:138.44,143.2 3 0
github.com/rackerlabs/openCenter-cli/internal/template/cache.go:147.44,151.36 3 0
github.com/rackerlabs/openCenter-cli/internal/template/cache.go:151.36,152.61 1 0
github.com/rackerlabs/openCenter-cli/internal/template/cache.go:152.61,155.4 2 0
github.com/rackerlabs/openCenter-cli/internal/template/cache.go:158.2,158.21 1 0
github.com/rackerlabs/openCenter-cli/internal/template/cache.go:158.21,160.3 1 0
github.com/rackerlabs/openCenter-cli/internal/template/cache.go:165.50,167.36 2 0
github.com/rackerlabs/openCenter-cli/internal/template/cache.go:167.36,168.39 1 0
github.com/rackerlabs/openCenter-cli/internal/template/cache.go:168.39,170.4 1 0
github.com/rackerlabs/openCenter-cli/internal/template/cache.go:185.55,190.34 4 0
github.com/rackerlabs/openCenter-cli/internal/template/cache.go:190.34,192.3 1 0
github.com/rackerlabs/openCenter-cli/internal/template/cache.go:194.2,197.3 1 0
github.com/rackerlabs/openCenter-cli/internal/template/composition.go:57.108,62.2 1 1
github.com/rackerlabs/openCenter-cli/internal/template/composition.go:67.131,69.59 1 1
github.com/rackerlabs/openCenter-cli/internal/template/composition.go:69.59,71.3 1 0
github.com/rackerlabs/openCenter-cli/internal/template/composition.go:74.2,74.9 1 1
github.com/rackerlabs/openCenter-cli/internal/template/composition.go:75.20,76.65 1 0
github.com/rackerlabs/openCenter-cli/internal/template/composition.go:77.10,77.10 0 1
github.com/rackerlabs/openCenter-cli/internal/template/composition.go:81.2,82.16 2 1
github.com/rackerlabs/openCenter-cli/internal/template/composition.go:82.16,84.3 1 0
github.com/rackerlabs/openCenter-cli/internal/template/composition.go:87.2,87.35 1 1
github.com/rackerlabs/openCenter-cli/internal/template/composition.go:87.35,89.17 2 1
github.com/rackerlabs/openCenter-cli/internal/template/composition.go:89.17,91.4 1 0
github.com/rackerlabs/openCenter-cli/internal/template/composition.go:92.3,92.41 1 1
github.com/rackerlabs/openCenter-cli/internal/template/composition.go:96.2,96.34 1 1
github.com/rackerlabs/openCenter-cli/internal/template/composition.go:96.34,98.17 2 1
github.com/rackerlabs/openCenter-cli/internal/template/composition.go:98.17,100.4 1 0
github.com/rackerlabs/openCenter-cli/internal/template/composition.go:101.3,101.39 1 1
github.com/rackerlabs/openCenter-cli/internal/template/composition.go:104.2,104.25 1 1
github.com/rackerlabs/openCenter-cli/internal/template/composition.go:110.131,111.24 1 1
github.com/rackerlabs/openCenter-cli/internal/template/composition.go:111.24,113.3 1 0
github.com/rackerlabs/openCenter-cli/internal/template/composition.go:116.2,118.49 3 1
github.com/rackerlabs/openCenter-cli/internal/template/composition.go:118.49,119.63 1 1
github.com/rackerlabs/openCenter-cli/internal/template/composition.go:119.63,121.4 1 1
github.com/rackerlabs/openCenter-cli/internal/template/composition.go:122.3,122.57 1 0
github.com/rackerlabs/openCenter-cli/internal/template/composition.go:126.2,127.41 2 1
github.com/rackerlabs/openCenter-cli/internal/template/composition.go:127.41,129.34 1 1
github.com/rackerlabs/openCenter-cli/internal/template/composition.go:129.34,131.18 2 1
github.com/rackerlabs/openCenter-cli/internal/template/composition.go:131.18,133.5 1 0
github.com/rackerlabs/openCenter-cli/internal/template/composition.go:134.4,134.22 1 1
github.com/rackerlabs/openCenter-cli/internal/template/composition.go:134.22,135.13 1 1
github.com/rackerlabs/openCenter-cli/internal/template/composition.go:140.3,141.17 2 1
github.com/rackerlabs/openCenter-cli/internal/template/composition.go:141.17,143.4 1 0
github.com/rackerlabs/openCenter-cli/internal/template/composition.go:146.3,147.17 2 1
github.com/rackerlabs/openCenter-cli/internal/template/composition.go:147.17,149.4 1 0
github.com/rackerlabs/openCenter-cli/internal/template/composition.go:152.2,152.20 1 1
github.com/rackerlabs/openCenter-cli/internal/template/composition.go:156.123,159.32 2 1
github.com/rackerlabs/openCenter-cli/internal/template/composition.go:159.32,161.33 1 1
github.com/rackerlabs/openCenter-cli/internal/template/composition.go:161.33,163.18 2 0
github.com/rackerlabs/openCenter-cli/internal/template/composition.go:163.18,165.5 1 0
github.com/rackerlabs/openCenter-cli/internal/template/composition.go:166.4,166.21 1 0
github.com/rackerlabs/openCenter-cli/internal/template/composition.go:166.21,167.13 1 0
github.com/rackerlabs/openCenter-cli/internal/template/composition.go:172.3,173.26 2 1
github.com/rackerlabs/openCenter-cli/internal/template/composition.go:174.14,175.48 1 1
github.com/rackerlabs/openCenter-cli/internal/template/composition.go:176.17,177.51 1 1
github.com/rackerlabs/openCenter-cli/internal/template/composition.go:178.18,179.52 1 1
github.com/rackerlabs/openCenter-cli/internal/template/composition.go:180.11,181.73 1 0
github.com/rackerlabs/openCenter-cli/internal/template/composition.go:184.3,184.17 1 1
github.com/rackerlabs/openCenter-cli/internal/template/composition.go:184.17,186.4 1 0
github.com/rackerlabs/openCenter-cli/internal/template/composition.go:189.2,189.20 1 1
github.com/rackerlabs/openCenter-cli/internal/template/composition.go:195.94,197.36 1 1
github.com/rackerlabs/openCenter-cli/internal/template/composition.go:197.36,199.3 1 1
github.com/rackerlabs/openCenter-cli/internal/template/composition.go:203.2,203.128 1 1
github.com/rackerlabs/openCenter-cli/internal/template/composition.go:203.128,204.77 1 1
github.com/rackerlabs/openCenter-cli/internal/template/composition.go:204.77,206.4 1 0
github.com/rackerlabs/openCenter-cli/internal/template/composition.go:210.2,210.47 1 1
github.com/rackerlabs/openCenter-cli/internal/template/composition.go:210.47,211.25 1 1
github.com/rackerlabs/openCenter-cli/internal/template/composition.go:211.25,213.4 1 1
github.com/rackerlabs/openCenter-cli/internal/template/composition.go:214.3,214.25 1 1
github.com/rackerlabs/openCenter-cli/internal/template/composition.go:214.25,216.4 1 1
github.com/rackerlabs/openCenter-cli/internal/template/composition.go:219.3,219.105 1 1
github.com/rackerlabs/openCenter-cli/internal/template/composition.go:219.105,220.66 1 1
github.com/rackerlabs/openCenter-cli/internal/template/composition.go:220.67,223.5 0 0
github.com/rackerlabs/openCenter-cli/internal/template/composition.go:227.3,227.48 1 1
github.com/rackerlabs/openCenter-cli/internal/template/composition.go:227.48,228.61 1 1
github.com/rackerlabs/openCenter-cli/internal/template/composition.go:228.61,230.5 1 0
github.com/rackerlabs/openCenter-cli/internal/template/composition.go:235.2,235.44 1 1
github.com/rackerlabs/openCenter-cli/internal/template/composition.go:235.44,236.28 1 1
github.com/rackerlabs/openCenter-cli/internal/template/composition.go:236.28,238.4 1 1
github.com/rackerlabs/openCenter-cli/internal/template/composition.go:239.3,239.23 1 1
github.com/rackerlabs/openCenter-cli/internal/template/composition.go:239.23,241.4 1 1
github.com/rackerlabs/openCenter-cli/internal/template/composition.go:244.3,245.33 2 1
github.com/rackerlabs/openCenter-cli/internal/template/composition.go:245.33,247.4 1 1
github.com/rackerlabs/openCenter-cli/internal/template/composition.go:250.3,250.33 1 1
github.com/rackerlabs/openCenter-cli/internal/template/composition.go:250.33,251.67 1 0
github.com/rackerlabs/openCenter-cli/internal/template/composition.go:251.67,253.5 1 0
github.com/rackerlabs/openCenter-cli/internal/template/composition.go:258.2,258.51 1 1
github.com/rackerlabs/openCenter-cli/internal/template/composition.go:258.51,259.60 1 0
github.com/rackerlabs/openCenter-cli/internal/template/composition.go:259.60,261.4 1 0
github.com/rackerlabs/openCenter-cli/internal/template/composition.go:264.2,264.12 1 1
github.com/rackerlabs/openCenter-cli/internal/template/composition.go:268.116,269.39 1 1
github.com/rackerlabs/openCenter-cli/internal/template/composition.go:269.39,271.17 2 1
github.com/rackerlabs/openCenter-cli/internal/template/composition.go:271.17,273.4 1 0
github.com/rackerlabs/openCenter-cli/internal/template/composition.go:274.3,274.11 1 1
github.com/rackerlabs/openCenter-cli/internal/template/composition.go:274.11,276.4 1 1
github.com/rackerlabs/openCenter-cli/internal/template/composition.go:278.2,278.18 1 1
github.com/rackerlabs/openCenter-cli/internal/template/composition.go:282.112,285.16 2 1
github.com/rackerlabs/openCenter-cli/internal/template/composition.go:285.16,287.3 1 1
github.com/rackerlabs/openCenter-cli/internal/template/composition.go:290.2,290.24 1 1
github.com/rackerlabs/openCenter-cli/internal/template/composition.go:291.27,292.82 1 1
github.com/rackerlabs/openCenter-cli/internal/template/composition.go:294.30,295.82 1 1
github.com/rackerlabs/openCenter-cli/internal/template/composition.go:297.29,300.51 3 1
github.com/rackerlabs/openCenter-cli/internal/template/composition.go:302.27,303.32 1 1
github.com/rackerlabs/openCenter-cli/internal/template/composition.go:305.32,306.61 1 1
github.com/rackerlabs/openCenter-cli/internal/template/composition.go:308.29,309.61 1 1
github.com/rackerlabs/openCenter-cli/internal/template/composition.go:311.10,312.73 1 0
github.com/rackerlabs/openCenter-cli/internal/template/composition.go:318.94,323.36 3 1
github.com/rackerlabs/openCenter-cli/internal/template/composition.go:323.36,325.3 1 1
github.com/rackerlabs/openCenter-cli/internal/template/composition.go:326.2,328.26 3 1
github.com/rackerlabs/openCenter-cli/internal/template/composition.go:332.102,337.2 2 1
github.com/rackerlabs/openCenter-cli/internal/template/composition.go:340.105,345.29 3 1
github.com/rackerlabs/openCenter-cli/internal/template/composition.go:345.29,346.42 1 1
github.com/rackerlabs/openCenter-cli/internal/template/composition.go:346.42,348.4 1 1
github.com/rackerlabs/openCenter-cli/internal/template/composition.go:350.2,350.40 1 1
github.com/rackerlabs/openCenter-cli/internal/template/composition.go:354.106,360.29 4 1
github.com/rackerlabs/openCenter-cli/internal/template/composition.go:360.29,361.41 1 1
github.com/rackerlabs/openCenter-cli/internal/template/composition.go:361.41,363.4 1 1
github.com/rackerlabs/openCenter-cli/internal/template/composition.go:363.9,365.4 1 1
github.com/rackerlabs/openCenter-cli/internal/template/composition.go:367.2,367.40 1 1
github.com/rackerlabs/openCenter-cli/internal/template/composition.go:371.81,373.54 1 1
github.com/rackerlabs/openCenter-cli/internal/template/composition.go:373.54,377.30 3 1
github.com/rackerlabs/openCenter-cli/internal/template/composition.go:377.30,378.62 1 1
github.com/rackerlabs/openCenter-cli/internal/template/composition.go:378.62,381.16 3 1
github.com/rackerlabs/openCenter-cli/internal/template/composition.go:381.16,383.6 1 1
github.com/rackerlabs/openCenter-cli/internal/template/composition.go:384.10,386.5 1 0
github.com/rackerlabs/openCenter-cli/internal/template/composition.go:389.3,389.22 1 1
github.com/rackerlabs/openCenter-cli/internal/template/composition.go:394.2,394.70 1 0
github.com/rackerlabs/openCenter-cli/internal/template/composition.go:398.42,403.18 3 1
github.com/rackerlabs/openCenter-cli/internal/template/composition.go:403.18,408.3 3 0
github.com/rackerlabs/openCenter-cli/internal/template/composition.go:410.2,410.21 1 1
github.com/rackerlabs/openCenter-cli/internal/template/composition.go:410.21,412.3 1 1
github.com/rackerlabs/openCenter-cli/internal/template/composition.go:412.8,412.28 1 1
github.com/rackerlabs/openCenter-cli/internal/template/composition.go:412.28,414.3 1 1
github.com/rackerlabs/openCenter-cli/internal/template/composition.go:415.2,415.10 1 0
github.com/rackerlabs/openCenter-cli/internal/template/composition.go:419.47,420.25 1 1
github.com/rackerlabs/openCenter-cli/internal/template/composition.go:421.15,422.19 1 0
github.com/rackerlabs/openCenter-cli/internal/template/composition.go:423.15,424.28 1 0
github.com/rackerlabs/openCenter-cli/internal/template/composition.go:425.11,426.28 1 1
github.com/rackerlabs/openCenter-cli/internal/template/composition.go:427.13,428.28 1 0
github.com/rackerlabs/openCenter-cli/internal/template/composition.go:429.13,430.28 1 0
github.com/rackerlabs/openCenter-cli/internal/template/composition.go:431.12,432.28 1 0
github.com/rackerlabs/openCenter-cli/internal/template/composition.go:433.14,434.28 1 0
github.com/rackerlabs/openCenter-cli/internal/template/composition.go:435.14,436.28 1 0
github.com/rackerlabs/openCenter-cli/internal/template/composition.go:437.10,438.18 1 0
github.com/rackerlabs/openCenter-cli/internal/template/composition.go:443.162,446.2 2 0
github.com/rackerlabs/openCenter-cli/internal/template/composition.go:449.183,456.2 2 0
github.com/rackerlabs/openCenter-cli/internal/template/context.go:70.56,82.2 1 0
github.com/rackerlabs/openCenter-cli/internal/template/context.go:86.85,89.2 2 0
github.com/rackerlabs/openCenter-cli/internal/template/context.go:93.83,96.2 2 0
github.com/rackerlabs/openCenter-cli/internal/template/context.go:100.81,101.32 1 0
github.com/rackerlabs/openCenter-cli/internal/template/context.go:101.32,103.3 1 0
github.com/rackerlabs/openCenter-cli/internal/template/context.go:104.2,104.11 1 0
github.com/rackerlabs/openCenter-cli/internal/template/context.go:110.69,112.12 2 0
github.com/rackerlabs/openCenter-cli/internal/template/context.go:112.12,114.3 1 0
github.com/rackerlabs/openCenter-cli/internal/template/context.go:115.2,115.11 1 0
github.com/rackerlabs/openCenter-cli/internal/template/context.go:120.93,123.2 2 0
github.com/rackerlabs/openCenter-cli/internal/template/context.go:127.71,130.2 2 0
github.com/rackerlabs/openCenter-cli/internal/template/context.go:134.66,139.2 1 0
github.com/rackerlabs/openCenter-cli/internal/template/context.go:143.43,144.20 1 0
github.com/rackerlabs/openCenter-cli/internal/template/context.go:144.20,146.3 1 0
github.com/rackerlabs/openCenter-cli/internal/template/context.go:149.2,149.37 1 0
github.com/rackerlabs/openCenter-cli/internal/template/context.go:149.37,150.16 1 0
github.com/rackerlabs/openCenter-cli/internal/template/context.go:150.16,152.4 1 0
github.com/rackerlabs/openCenter-cli/internal/template/context.go:155.2,155.12 1 0
github.com/rackerlabs/openCenter-cli/internal/template/context.go:160.49,169.32 2 0
github.com/rackerlabs/openCenter-cli/internal/template/context.go:169.32,171.3 1 0
github.com/rackerlabs/openCenter-cli/internal/template/context.go:174.2,174.33 1 0
github.com/rackerlabs/openCenter-cli/internal/template/context.go:174.33,176.3 1 0
github.com/rackerlabs/openCenter-cli/internal/template/context.go:178.2,178.14 1 0
github.com/rackerlabs/openCenter-cli/internal/template/context.go:187.42,191.2 1 0
github.com/rackerlabs/openCenter-cli/internal/template/context.go:194.70,197.2 2 0
github.com/rackerlabs/openCenter-cli/internal/template/context.go:200.87,203.2 2 0
github.com/rackerlabs/openCenter-cli/internal/template/context.go:206.85,209.2 2 0
github.com/rackerlabs/openCenter-cli/internal/template/context.go:212.83,215.2 2 0
github.com/rackerlabs/openCenter-cli/internal/template/context.go:218.71,221.2 2 0
github.com/rackerlabs/openCenter-cli/internal/template/context.go:224.73,227.2 2 0
github.com/rackerlabs/openCenter-cli/internal/template/context.go:230.59,231.46 1 0
github.com/rackerlabs/openCenter-cli/internal/template/context.go:231.46,233.3 1 0
github.com/rackerlabs/openCenter-cli/internal/template/context.go:234.2,234.24 1 0
github.com/rackerlabs/openCenter-cli/internal/template/dependencies.go:14.75,18.2 1 0
github.com/rackerlabs/openCenter-cli/internal/template/dependencies.go:22.104,24.2 1 0
github.com/rackerlabs/openCenter-cli/internal/template/dependencies.go:27.98,32.38 4 0
github.com/rackerlabs/openCenter-cli/internal/template/dependencies.go:32.38,33.20 1 0
github.com/rackerlabs/openCenter-cli/internal/template/dependencies.go:33.20,35.4 1 0
github.com/rackerlabs/openCenter-cli/internal/template/dependencies.go:37.3,38.17 2 0
github.com/rackerlabs/openCenter-cli/internal/template/dependencies.go:38.17,40.4 1 0
github.com/rackerlabs/openCenter-cli/internal/template/dependencies.go:42.3,45.45 3 0
github.com/rackerlabs/openCenter-cli/internal/template/dependencies.go:45.45,46.41 1 0
github.com/rackerlabs/openCenter-cli/internal/template/dependencies.go:46.41,48.5 1 0
github.com/rackerlabs/openCenter-cli/internal/template/dependencies.go:51.3,51.13 1 0
github.com/rackerlabs/openCenter-cli/internal/template/dependencies.go:54.2,54.48 1 0
github.com/rackerlabs/openCenter-cli/internal/template/dependencies.go:54.48,56.3 1 0
github.com/rackerlabs/openCenter-cli/internal/template/dependencies.go:58.2,58.18 1 0
github.com/rackerlabs/openCenter-cli/internal/template/dependencies.go:62.78,64.16 2 0
github.com/rackerlabs/openCenter-cli/internal/template/dependencies.go:64.16,66.3 1 0
github.com/rackerlabs/openCenter-cli/internal/template/dependencies.go:68.2,68.44 1 0
github.com/rackerlabs/openCenter-cli/internal/template/dependencies.go:68.44,69.56 1 0
github.com/rackerlabs/openCenter-cli/internal/template/dependencies.go:69.56,71.4 1 0
github.com/rackerlabs/openCenter-cli/internal/template/dependencies.go:74.3,74.53 1 0
github.com/rackerlabs/openCenter-cli/internal/template/dependencies.go:74.53,76.4 1 0
github.com/rackerlabs/openCenter-cli/internal/template/dependencies.go:79.2,79.12 1 0
github.com/rackerlabs/openCenter-cli/internal/template/dependencies.go:83.88,88.40 4 0
github.com/rackerlabs/openCenter-cli/internal/template/dependencies.go:88.40,89.20 1 0
github.com/rackerlabs/openCenter-cli/internal/template/dependencies.go:89.20,91.4 1 0
github.com/rackerlabs/openCenter-cli/internal/template/dependencies.go:93.3,94.17 2 0
github.com/rackerlabs/openCenter-cli/internal/template/dependencies.go:94.17,96.4 1 0
github.com/rackerlabs/openCenter-cli/internal/template/dependencies.go:98.3,100.45 2 0
github.com/rackerlabs/openCenter-cli/internal/template/dependencies.go:100.45,102.43 2 0
github.com/rackerlabs/openCenter-cli/internal/template/dependencies.go:102.43,104.5 1 0
github.com/rackerlabs/openCenter-cli/internal/template/dependencies.go:107.3,107.13 1 0
github.com/rackerlabs/openCenter-cli/internal/template/dependencies.go:110.2,110.50 1 0
github.com/rackerlabs/openCenter-cli/internal/template/dependencies.go:110.50,112.3 1 0
github.com/rackerlabs/openCenter-cli/internal/template/dependencies.go:115.2,116.27 2 0
github.com/rackerlabs/openCenter-cli/internal/template/dependencies.go:116.27,118.3 1 0
github.com/rackerlabs/openCenter-cli/internal/template/dependencies.go:119.2,121.20 2 0
github.com/rackerlabs/openCenter-cli/internal/template/dependencies.go:125.74,128.54 2 0
github.com/rackerlabs/openCenter-cli/internal/template/dependencies.go:128.54,129.45 1 0
github.com/rackerlabs/openCenter-cli/internal/template/dependencies.go:129.45,130.27 1 0
github.com/rackerlabs/openCenter-cli/internal/template/dependencies.go:130.27,132.10 2 0
github.com/rackerlabs/openCenter-cli/internal/template/dependencies.go:137.2,138.19 2 0
github.com/rackerlabs/openCenter-cli/internal/template/dependencies.go:142.100,149.37 4 0
github.com/rackerlabs/openCenter-cli/internal/template/dependencies.go:149.37,151.17 2 0
github.com/rackerlabs/openCenter-cli/internal/template/dependencies.go:151.17,153.4 1 0
github.com/rackerlabs/openCenter-cli/internal/template/dependencies.go:154.3,156.38 3 0
github.com/rackerlabs/openCenter-cli/internal/template/dependencies.go:160.2,160.32 1 0
github.com/rackerlabs/openCenter-cli/internal/template/dependencies.go:160.32,161.28 1 0
github.com/rackerlabs/openCenter-cli/internal/template/dependencies.go:161.28,163.44 1 0
github.com/rackerlabs/openCenter-cli/internal/template/dependencies.go:163.44,165.19 2 0
github.com/rackerlabs/openCenter-cli/internal/template/dependencies.go:165.19,167.6 1 0
github.com/rackerlabs/openCenter-cli/internal/template/dependencies.go:168.5,170.42 3 0
github.com/rackerlabs/openCenter-cli/internal/template/dependencies.go:172.4,172.20 1 0
github.com/rackerlabs/openCenter-cli/internal/template/dependencies.go:177.2,178.37 2 0
github.com/rackerlabs/openCenter-cli/internal/template/dependencies.go:178.37,179.18 1 0
github.com/rackerlabs/openCenter-cli/internal/template/dependencies.go:179.18,181.4 1 0
github.com/rackerlabs/openCenter-cli/internal/template/dependencies.go:184.2,187.21 3 0
github.com/rackerlabs/openCenter-cli/internal/template/dependencies.go:187.21,198.33 6 0
github.com/rackerlabs/openCenter-cli/internal/template/dependencies.go:198.33,199.29 1 0
github.com/rackerlabs/openCenter-cli/internal/template/dependencies.go:199.29,200.23 1 0
github.com/rackerlabs/openCenter-cli/internal/template/dependencies.go:200.23,202.29 2 0
github.com/rackerlabs/openCenter-cli/internal/template/dependencies.go:202.29,204.7 1 0
github.com/rackerlabs/openCenter-cli/internal/template/dependencies.go:210.2,210.31 1 0
github.com/rackerlabs/openCenter-cli/internal/template/dependencies.go:210.31,212.3 1 0
github.com/rackerlabs/openCenter-cli/internal/template/dependencies.go:214.2,214.20 1 0
github.com/rackerlabs/openCenter-cli/internal/template/dependencies.go:218.84,221.2 2 0
github.com/rackerlabs/openCenter-cli/internal/template/engine.go:102.46,110.43 2 1
github.com/rackerlabs/openCenter-cli/internal/template/engine.go:110.43,112.3 1 1
github.com/rackerlabs/openCenter-cli/internal/template/engine.go:114.2,114.15 1 1
github.com/rackerlabs/openCenter-cli/internal/template/engine.go:120.111,122.9 1 1
github.com/rackerlabs/openCenter-cli/internal/template/engine.go:123.20,124.72 1 0
github.com/rackerlabs/openCenter-cli/internal/template/engine.go:125.10,125.10 0 1
github.com/rackerlabs/openCenter-cli/internal/template/engine.go:129.2,130.16 2 1
github.com/rackerlabs/openCenter-cli/internal/template/engine.go:130.16,132.3 1 0
github.com/rackerlabs/openCenter-cli/internal/template/engine.go:135.2,136.49 2 1
github.com/rackerlabs/openCenter-cli/internal/template/engine.go:136.49,138.3 1 0
github.com/rackerlabs/openCenter-cli/internal/template/engine.go:140.2,140.25 1 1
github.com/rackerlabs/openCenter-cli/internal/template/engine.go:145.134,147.9 1 0
github.com/rackerlabs/openCenter-cli/internal/template/engine.go:148.20,149.72 1 0
github.com/rackerlabs/openCenter-cli/internal/template/engine.go:150.10,150.10 0 0
github.com/rackerlabs/openCenter-cli/internal/template/engine.go:154.2,159.16 5 0
github.com/rackerlabs/openCenter-cli/internal/template/engine.go:159.16,161.3 1 0
github.com/rackerlabs/openCenter-cli/internal/template/engine.go:164.2,165.49 2 0
github.com/rackerlabs/openCenter-cli/internal/template/engine.go:165.49,167.3 1 0
github.com/rackerlabs/openCenter-cli/internal/template/engine.go:169.2,169.25 1 0
github.com/rackerlabs/openCenter-cli/internal/template/engine.go:174.122,176.9 1 0
github.com/rackerlabs/openCenter-cli/internal/template/engine.go:177.20,178.67 1 0
github.com/rackerlabs/openCenter-cli/internal/template/engine.go:179.10,179.10 0 0
github.com/rackerlabs/openCenter-cli/internal/template/engine.go:183.2,184.16 2 0
github.com/rackerlabs/openCenter-cli/internal/template/engine.go:184.16,186.3 1 0
github.com/rackerlabs/openCenter-cli/internal/template/engine.go:189.2,189.46 1 0
github.com/rackerlabs/openCenter-cli/internal/template/engine.go:189.46,191.3 1 0
github.com/rackerlabs/openCenter-cli/internal/template/engine.go:193.2,193.12 1 0
github.com/rackerlabs/openCenter-cli/internal/template/engine.go:198.72,200.16 2 0
github.com/rackerlabs/openCenter-cli/internal/template/engine.go:200.16,202.3 1 0
github.com/rackerlabs/openCenter-cli/internal/template/engine.go:203.2,203.12 1 0
github.com/rackerlabs/openCenter-cli/internal/template/engine.go:209.74,216.20 4 0
github.com/rackerlabs/openCenter-cli/internal/template/engine.go:216.20,218.3 1 0
github.com/rackerlabs/openCenter-cli/internal/template/engine.go:223.70,227.30 3 0
github.com/rackerlabs/openCenter-cli/internal/template/engine.go:227.30,229.3 1 0
github.com/rackerlabs/openCenter-cli/internal/template/engine.go:232.2,232.20 1 0
github.com/rackerlabs/openCenter-cli/internal/template/engine.go:232.20,234.3 1 0
github.com/rackerlabs/openCenter-cli/internal/template/engine.go:240.58,247.14 4 0
github.com/rackerlabs/openCenter-cli/internal/template/engine.go:247.14,249.3 1 0
github.com/rackerlabs/openCenter-cli/internal/template/engine.go:254.41,259.2 3 0
github.com/rackerlabs/openCenter-cli/internal/template/engine.go:264.73,273.16 5 0
github.com/rackerlabs/openCenter-cli/internal/template/engine.go:273.16,275.3 1 0
github.com/rackerlabs/openCenter-cli/internal/template/engine.go:278.2,281.20 2 0
github.com/rackerlabs/openCenter-cli/internal/template/engine.go:281.20,282.38 1 0
github.com/rackerlabs/openCenter-cli/internal/template/engine.go:282.38,284.4 1 0
github.com/rackerlabs/openCenter-cli/internal/template/engine.go:287.2,287.12 1 0
github.com/rackerlabs/openCenter-cli/internal/template/engine.go:292.60,298.16 4 0
github.com/rackerlabs/openCenter-cli/internal/template/engine.go:298.16,300.3 1 0
github.com/rackerlabs/openCenter-cli/internal/template/engine.go:303.2,303.27 1 0
github.com/rackerlabs/openCenter-cli/internal/template/engine.go:303.27,305.3 1 0
github.com/rackerlabs/openCenter-cli/internal/template/engine.go:308.2,309.16 2 0
github.com/rackerlabs/openCenter-cli/internal/template/engine.go:309.16,311.3 1 0
github.com/rackerlabs/openCenter-cli/internal/template/engine.go:314.2,314.20 1 0
github.com/rackerlabs/openCenter-cli/internal/template/engine.go:314.20,316.18 2 0
github.com/rackerlabs/openCenter-cli/internal/template/engine.go:316.18,318.4 1 0
github.com/rackerlabs/openCenter-cli/internal/template/engine.go:321.2,321.12 1 0
github.com/rackerlabs/openCenter-cli/internal/template/engine.go:326.89,328.20 1 1
github.com/rackerlabs/openCenter-cli/internal/template/engine.go:328.20,330.44 2 1
github.com/rackerlabs/openCenter-cli/internal/template/engine.go:330.44,333.4 2 1
github.com/rackerlabs/openCenter-cli/internal/template/engine.go:334.3,334.17 1 1
github.com/rackerlabs/openCenter-cli/internal/template/engine.go:338.2,342.20 3 1
github.com/rackerlabs/openCenter-cli/internal/template/engine.go:342.20,343.44 1 1
github.com/rackerlabs/openCenter-cli/internal/template/engine.go:343.44,345.4 1 0
github.com/rackerlabs/openCenter-cli/internal/template/engine.go:349.2,352.19 3 1
github.com/rackerlabs/openCenter-cli/internal/template/engine.go:352.19,354.17 2 0
github.com/rackerlabs/openCenter-cli/internal/template/engine.go:354.17,357.18 2 0
github.com/rackerlabs/openCenter-cli/internal/template/engine.go:357.18,359.5 1 0
github.com/rackerlabs/openCenter-cli/internal/template/engine.go:361.8,364.17 2 1
github.com/rackerlabs/openCenter-cli/internal/template/engine.go:364.17,366.4 1 0
github.com/rackerlabs/openCenter-cli/internal/template/engine.go:370.2,371.16 2 1
github.com/rackerlabs/openCenter-cli/internal/template/engine.go:371.16,373.3 1 0
github.com/rackerlabs/openCenter-cli/internal/template/engine.go:376.2,376.20 1 1
github.com/rackerlabs/openCenter-cli/internal/template/engine.go:376.20,378.3 1 1
github.com/rackerlabs/openCenter-cli/internal/template/engine.go:380.2,380.18 1 1
github.com/rackerlabs/openCenter-cli/internal/template/engine.go:386.99,391.25 4 0
github.com/rackerlabs/openCenter-cli/internal/template/engine.go:391.25,393.3 1 0
github.com/rackerlabs/openCenter-cli/internal/template/engine.go:396.2,397.79 2 0
github.com/rackerlabs/openCenter-cli/internal/template/engine.go:397.79,399.3 1 0
github.com/rackerlabs/openCenter-cli/internal/template/engine.go:401.2,401.25 1 0
github.com/rackerlabs/openCenter-cli/internal/template/engine.go:406.110,411.25 4 0
github.com/rackerlabs/openCenter-cli/internal/template/engine.go:411.25,413.3 1 0
github.com/rackerlabs/openCenter-cli/internal/template/engine.go:416.2,416.76 1 0
github.com/rackerlabs/openCenter-cli/internal/template/engine.go:416.76,418.3 1 0
github.com/rackerlabs/openCenter-cli/internal/template/engine.go:420.2,420.12 1 0
github.com/rackerlabs/openCenter-cli/internal/template/engine.go:426.81,431.35 3 0
github.com/rackerlabs/openCenter-cli/internal/template/engine.go:431.35,433.3 1 0
github.com/rackerlabs/openCenter-cli/internal/template/engine.go:436.2,436.27 1 0
github.com/rackerlabs/openCenter-cli/internal/template/engine.go:436.27,438.18 2 0
github.com/rackerlabs/openCenter-cli/internal/template/engine.go:438.18,440.4 1 0
github.com/rackerlabs/openCenter-cli/internal/template/engine.go:443.2,443.55 1 0
github.com/rackerlabs/openCenter-cli/internal/template/engine.go:460.62,466.2 1 0
github.com/rackerlabs/openCenter-cli/internal/template/engine.go:469.89,472.2 2 0
github.com/rackerlabs/openCenter-cli/internal/template/engine.go:475.87,478.2 2 0
github.com/rackerlabs/openCenter-cli/internal/template/engine.go:481.59,486.2 1 0
github.com/rackerlabs/openCenter-cli/internal/template/engine.go:493.95,494.16 1 0
github.com/rackerlabs/openCenter-cli/internal/template/engine.go:494.16,496.3 1 0
github.com/rackerlabs/openCenter-cli/internal/template/engine.go:498.2,504.71 4 0
github.com/rackerlabs/openCenter-cli/internal/template/engine.go:504.71,509.3 4 0
github.com/rackerlabs/openCenter-cli/internal/template/engine.go:513.2,514.71 2 0
github.com/rackerlabs/openCenter-cli/internal/template/engine.go:514.71,518.3 3 0
github.com/rackerlabs/openCenter-cli/internal/template/engine.go:521.2,522.71 2 0
github.com/rackerlabs/openCenter-cli/internal/template/engine.go:522.71,525.3 2 0
github.com/rackerlabs/openCenter-cli/internal/template/engine.go:528.2,528.21 1 0
github.com/rackerlabs/openCenter-cli/internal/template/engine.go:534.62,535.16 1 0
github.com/rackerlabs/openCenter-cli/internal/template/engine.go:535.16,537.3 1 0
github.com/rackerlabs/openCenter-cli/internal/template/engine.go:540.2,544.17 3 0
github.com/rackerlabs/openCenter-cli/internal/template/engine.go:544.17,546.3 1 0
github.com/rackerlabs/openCenter-cli/internal/template/engine.go:549.2,550.27 2 0
github.com/rackerlabs/openCenter-cli/internal/template/engine.go:550.27,552.3 1 0
github.com/rackerlabs/openCenter-cli/internal/template/engine.go:555.2,555.16 1 0
github.com/rackerlabs/openCenter-cli/internal/template/engine.go:555.16,557.3 1 0
github.com/rackerlabs/openCenter-cli/internal/template/engine.go:557.8,557.24 1 0
github.com/rackerlabs/openCenter-cli/internal/template/engine.go:557.24,559.3 1 0
github.com/rackerlabs/openCenter-cli/internal/template/engine.go:562.2,562.66 1 0
github.com/rackerlabs/openCenter-cli/internal/template/engine.go:567.89,569.16 2 0
github.com/rackerlabs/openCenter-cli/internal/template/engine.go:569.16,571.3 1 0
github.com/rackerlabs/openCenter-cli/internal/template/engine.go:573.2,574.45 2 0
github.com/rackerlabs/openCenter-cli/internal/template/engine.go:574.45,576.3 1 0
github.com/rackerlabs/openCenter-cli/internal/template/engine.go:579.2,580.19 2 0
github.com/rackerlabs/openCenter-cli/internal/template/engine.go:580.19,582.3 1 0
github.com/rackerlabs/openCenter-cli/internal/template/engine.go:584.2,585.26 2 0
github.com/rackerlabs/openCenter-cli/internal/template/engine.go:585.26,587.3 1 0
github.com/rackerlabs/openCenter-cli/internal/template/engine.go:590.2,591.39 2 0
github.com/rackerlabs/openCenter-cli/internal/template/engine.go:591.39,594.27 3 0
github.com/rackerlabs/openCenter-cli/internal/template/engine.go:594.27,596.4 1 0
github.com/rackerlabs/openCenter-cli/internal/template/engine.go:597.3,597.92 1 0
github.com/rackerlabs/openCenter-cli/internal/template/engine.go:600.2,600.21 1 0
github.com/rackerlabs/openCenter-cli/internal/template/metadata.go:9.68,10.25 1 0
github.com/rackerlabs/openCenter-cli/internal/template/metadata.go:10.25,12.3 1 0
github.com/rackerlabs/openCenter-cli/internal/template/metadata.go:14.2,14.25 1 0
github.com/rackerlabs/openCenter-cli/internal/template/metadata.go:14.25,16.3 1 0
github.com/rackerlabs/openCenter-cli/internal/template/metadata.go:18.2,18.25 1 0
github.com/rackerlabs/openCenter-cli/internal/template/metadata.go:18.25,20.3 1 0
github.com/rackerlabs/openCenter-cli/internal/template/metadata.go:23.2,30.32 2 0
github.com/rackerlabs/openCenter-cli/internal/template/metadata.go:30.32,32.3 1 0
github.com/rackerlabs/openCenter-cli/internal/template/metadata.go:35.2,35.48 1 0
github.com/rackerlabs/openCenter-cli/internal/template/metadata.go:35.48,36.60 1 0
github.com/rackerlabs/openCenter-cli/internal/template/metadata.go:36.60,38.4 1 0
github.com/rackerlabs/openCenter-cli/internal/template/metadata.go:41.2,41.12 1 0
github.com/rackerlabs/openCenter-cli/internal/template/metadata.go:45.63,46.26 1 1
github.com/rackerlabs/openCenter-cli/internal/template/metadata.go:46.26,48.3 1 0
github.com/rackerlabs/openCenter-cli/internal/template/metadata.go:50.2,59.33 2 1
github.com/rackerlabs/openCenter-cli/internal/template/metadata.go:59.33,61.3 1 0
github.com/rackerlabs/openCenter-cli/internal/template/metadata.go:64.2,64.27 1 1
github.com/rackerlabs/openCenter-cli/internal/template/metadata.go:64.27,66.3 1 0
github.com/rackerlabs/openCenter-cli/internal/template/metadata.go:69.2,69.69 1 1
github.com/rackerlabs/openCenter-cli/internal/template/metadata.go:69.69,71.3 1 0
github.com/rackerlabs/openCenter-cli/internal/template/metadata.go:73.2,73.12 1 1
github.com/rackerlabs/openCenter-cli/internal/template/metadata.go:77.73,79.29 1 0
github.com/rackerlabs/openCenter-cli/internal/template/metadata.go:79.29,81.3 1 0
github.com/rackerlabs/openCenter-cli/internal/template/metadata.go:82.2,82.55 1 0
github.com/rackerlabs/openCenter-cli/internal/template/metadata.go:86.71,87.40 1 0
github.com/rackerlabs/openCenter-cli/internal/template/metadata.go:87.40,88.38 1 0
github.com/rackerlabs/openCenter-cli/internal/template/metadata.go:88.38,90.4 1 0
github.com/rackerlabs/openCenter-cli/internal/template/metadata.go:92.2,92.14 1 0
github.com/rackerlabs/openCenter-cli/internal/template/metadata.go:96.59,97.43 1 0
github.com/rackerlabs/openCenter-cli/internal/template/metadata.go:97.43,98.32 1 0
github.com/rackerlabs/openCenter-cli/internal/template/metadata.go:98.32,100.4 1 0
github.com/rackerlabs/openCenter-cli/internal/template/metadata.go:102.2,102.14 1 0
github.com/rackerlabs/openCenter-cli/internal/template/metadata.go:106.87,107.20 1 0
github.com/rackerlabs/openCenter-cli/internal/template/metadata.go:107.20,109.3 1 0
github.com/rackerlabs/openCenter-cli/internal/template/metadata.go:111.2,112.37 2 0
github.com/rackerlabs/openCenter-cli/internal/template/metadata.go:112.37,114.28 2 0
github.com/rackerlabs/openCenter-cli/internal/template/metadata.go:114.28,115.30 1 0
github.com/rackerlabs/openCenter-cli/internal/template/metadata.go:115.30,117.10 2 0
github.com/rackerlabs/openCenter-cli/internal/template/metadata.go:120.3,120.17 1 0
github.com/rackerlabs/openCenter-cli/internal/template/metadata.go:120.17,122.4 1 0
github.com/rackerlabs/openCenter-cli/internal/template/metadata.go:125.2,125.15 1 0
github.com/rackerlabs/openCenter-cli/internal/template/metadata.go:129.99,131.37 2 0
github.com/rackerlabs/openCenter-cli/internal/template/metadata.go:131.37,132.36 1 0
github.com/rackerlabs/openCenter-cli/internal/template/metadata.go:132.36,134.4 1 0
github.com/rackerlabs/openCenter-cli/internal/template/metadata.go:136.2,136.15 1 0
github.com/rackerlabs/openCenter-cli/internal/template/metadata.go:140.85,142.37 2 0
github.com/rackerlabs/openCenter-cli/internal/template/metadata.go:142.37,144.3 1 0
github.com/rackerlabs/openCenter-cli/internal/template/metadata.go:145.2,145.14 1 0
github.com/rackerlabs/openCenter-cli/internal/template/metadata.go:149.77,155.46 5 0
github.com/rackerlabs/openCenter-cli/internal/template/metadata.go:155.46,156.20 1 0
github.com/rackerlabs/openCenter-cli/internal/template/metadata.go:156.20,158.4 1 0
github.com/rackerlabs/openCenter-cli/internal/template/metadata.go:160.3,160.21 1 0
github.com/rackerlabs/openCenter-cli/internal/template/metadata.go:160.21,162.4 1 0
github.com/rackerlabs/openCenter-cli/internal/template/metadata.go:164.3,166.35 2 0
github.com/rackerlabs/openCenter-cli/internal/template/metadata.go:166.35,167.48 1 0
github.com/rackerlabs/openCenter-cli/internal/template/metadata.go:167.48,169.5 1 0
github.com/rackerlabs/openCenter-cli/internal/template/metadata.go:172.3,175.19 3 0
github.com/rackerlabs/openCenter-cli/internal/template/metadata.go:178.2,178.26 1 0
github.com/rackerlabs/openCenter-cli/internal/template/metadata.go:178.26,179.48 1 0
github.com/rackerlabs/openCenter-cli/internal/template/metadata.go:179.48,181.4 1 0
github.com/rackerlabs/openCenter-cli/internal/template/metadata.go:184.2,184.18 1 0
github.com/rackerlabs/openCenter-cli/internal/template/registry.go:79.62,83.2 1 1
github.com/rackerlabs/openCenter-cli/internal/template/registry.go:88.88,93.25 3 1
github.com/rackerlabs/openCenter-cli/internal/template/registry.go:93.25,95.3 1 0
github.com/rackerlabs/openCenter-cli/internal/template/registry.go:97.2,97.25 1 1
github.com/rackerlabs/openCenter-cli/internal/template/registry.go:97.25,99.3 1 0
github.com/rackerlabs/openCenter-cli/internal/template/registry.go:102.2,102.57 1 1
github.com/rackerlabs/openCenter-cli/internal/template/registry.go:102.57,104.3 1 0
github.com/rackerlabs/openCenter-cli/internal/template/registry.go:107.2,107.55 1 1
github.com/rackerlabs/openCenter-cli/internal/template/registry.go:107.55,109.3 1 0
github.com/rackerlabs/openCenter-cli/internal/template/registry.go:111.2,112.12 2 1
github.com/rackerlabs/openCenter-cli/internal/template/registry.go:116.92,118.44 1 1
github.com/rackerlabs/openCenter-cli/internal/template/registry.go:118.44,119.27 1 0
github.com/rackerlabs/openCenter-cli/internal/template/registry.go:119.27,121.4 1 0
github.com/rackerlabs/openCenter-cli/internal/template/registry.go:125.2,125.44 1 1
github.com/rackerlabs/openCenter-cli/internal/template/registry.go:125.44,126.16 1 0
github.com/rackerlabs/openCenter-cli/internal/template/registry.go:126.16,128.4 1 0
github.com/rackerlabs/openCenter-cli/internal/template/registry.go:132.2,133.44 2 1
github.com/rackerlabs/openCenter-cli/internal/template/registry.go:133.44,134.16 1 0
github.com/rackerlabs/openCenter-cli/internal/template/registry.go:134.16,136.4 1 0
github.com/rackerlabs/openCenter-cli/internal/template/registry.go:137.3,137.19 1 0
github.com/rackerlabs/openCenter-cli/internal/template/registry.go:142.2,142.12 1 1
github.com/rackerlabs/openCenter-cli/internal/template/registry.go:146.90,147.48 1 1
github.com/rackerlabs/openCenter-cli/internal/template/registry.go:147.48,149.44 1 0
github.com/rackerlabs/openCenter-cli/internal/template/registry.go:149.44,151.4 1 0
github.com/rackerlabs/openCenter-cli/internal/template/registry.go:154.3,154.61 1 0
github.com/rackerlabs/openCenter-cli/internal/template/registry.go:154.61,156.4 1 0
github.com/rackerlabs/openCenter-cli/internal/template/registry.go:159.3,159.62 1 0
github.com/rackerlabs/openCenter-cli/internal/template/registry.go:159.62,161.4 1 0
github.com/rackerlabs/openCenter-cli/internal/template/registry.go:164.2,164.12 1 1
github.com/rackerlabs/openCenter-cli/internal/template/registry.go:168.56,169.18 1 0
github.com/rackerlabs/openCenter-cli/internal/template/registry.go:175.25,176.14 1 0
github.com/rackerlabs/openCenter-cli/internal/template/registry.go:177.10,178.15 1 0
github.com/rackerlabs/openCenter-cli/internal/template/registry.go:183.49,186.2 1 0
github.com/rackerlabs/openCenter-cli/internal/template/registry.go:189.49,192.2 1 0
github.com/rackerlabs/openCenter-cli/internal/template/registry.go:195.89,200.13 4 1
github.com/rackerlabs/openCenter-cli/internal/template/registry.go:200.13,202.3 1 0
github.com/rackerlabs/openCenter-cli/internal/template/registry.go:204.2,204.22 1 1
github.com/rackerlabs/openCenter-cli/internal/template/registry.go:208.98,213.39 4 0
github.com/rackerlabs/openCenter-cli/internal/template/registry.go:213.39,215.63 1 0
github.com/rackerlabs/openCenter-cli/internal/template/registry.go:215.63,217.4 1 0
github.com/rackerlabs/openCenter-cli/internal/template/registry.go:221.2,221.41 1 0
github.com/rackerlabs/openCenter-cli/internal/template/registry.go:221.41,222.65 1 0
github.com/rackerlabs/openCenter-cli/internal/template/registry.go:222.65,224.4 1 0
github.com/rackerlabs/openCenter-cli/internal/template/registry.go:225.3,225.41 1 0
github.com/rackerlabs/openCenter-cli/internal/template/registry.go:228.2,228.15 1 0
github.com/rackerlabs/openCenter-cli/internal/template/registry.go:232.96,237.39 4 0
github.com/rackerlabs/openCenter-cli/internal/template/registry.go:237.39,238.41 1 0
github.com/rackerlabs/openCenter-cli/internal/template/registry.go:238.41,239.22 1 0
github.com/rackerlabs/openCenter-cli/internal/template/registry.go:239.22,241.10 2 0
github.com/rackerlabs/openCenter-cli/internal/template/registry.go:247.2,247.41 1 0
github.com/rackerlabs/openCenter-cli/internal/template/registry.go:247.41,248.65 1 0
github.com/rackerlabs/openCenter-cli/internal/template/registry.go:248.65,250.4 1 0
github.com/rackerlabs/openCenter-cli/internal/template/registry.go:251.3,251.41 1 0
github.com/rackerlabs/openCenter-cli/internal/template/registry.go:254.2,254.15 1 0
github.com/rackerlabs/openCenter-cli/internal/template/registry.go:262.114,268.42 4 0
github.com/rackerlabs/openCenter-cli/internal/template/registry.go:268.42,270.3 1 0
github.com/rackerlabs/openCenter-cli/internal/template/registry.go:272.2,273.39 2 0
github.com/rackerlabs/openCenter-cli/internal/template/registry.go:273.39,275.34 1 0
github.com/rackerlabs/openCenter-cli/internal/template/registry.go:275.34,277.12 2 0
github.com/rackerlabs/openCenter-cli/internal/template/registry.go:281.3,282.41 2 0
github.com/rackerlabs/openCenter-cli/internal/template/registry.go:282.41,283.23 1 0
github.com/rackerlabs/openCenter-cli/internal/template/registry.go:283.23,285.10 2 0
github.com/rackerlabs/openCenter-cli/internal/template/registry.go:289.3,289.24 1 0
github.com/rackerlabs/openCenter-cli/internal/template/registry.go:289.24,291.4 1 0
github.com/rackerlabs/openCenter-cli/internal/template/registry.go:295.2,295.41 1 0
github.com/rackerlabs/openCenter-cli/internal/template/registry.go:295.41,296.65 1 0
github.com/rackerlabs/openCenter-cli/internal/template/registry.go:296.65,298.4 1 0
github.com/rackerlabs/openCenter-cli/internal/template/registry.go:299.3,299.41 1 0
github.com/rackerlabs/openCenter-cli/internal/template/registry.go:302.2,302.15 1 0
github.com/rackerlabs/openCenter-cli/internal/template/registry.go:306.114,315.36 7 0
github.com/rackerlabs/openCenter-cli/internal/template/registry.go:315.36,316.20 1 0
github.com/rackerlabs/openCenter-cli/internal/template/registry.go:316.20,318.4 1 0
github.com/rackerlabs/openCenter-cli/internal/template/registry.go:320.3,320.21 1 0
github.com/rackerlabs/openCenter-cli/internal/template/registry.go:320.21,322.4 1 0
github.com/rackerlabs/openCenter-cli/internal/template/registry.go:324.3,325.14 2 0
github.com/rackerlabs/openCenter-cli/internal/template/registry.go:325.14,327.4 1 0
github.com/rackerlabs/openCenter-cli/internal/template/registry.go:329.3,332.45 2 0
github.com/rackerlabs/openCenter-cli/internal/template/registry.go:332.45,333.39 1 0
github.com/rackerlabs/openCenter-cli/internal/template/registry.go:333.39,335.5 1 0
github.com/rackerlabs/openCenter-cli/internal/template/registry.go:338.3,342.13 4 0
github.com/rackerlabs/openCenter-cli/internal/template/registry.go:346.2,346.33 1 0
github.com/rackerlabs/openCenter-cli/internal/template/registry.go:346.33,347.39 1 0
github.com/rackerlabs/openCenter-cli/internal/template/registry.go:347.39,349.4 1 0
github.com/rackerlabs/openCenter-cli/internal/template/registry.go:352.2,352.22 1 0
github.com/rackerlabs/openCenter-cli/internal/template/registry.go:356.73,361.39 4 0
github.com/rackerlabs/openCenter-cli/internal/template/registry.go:361.39,363.3 1 0
github.com/rackerlabs/openCenter-cli/internal/template/registry.go:366.2,366.41 1 0
github.com/rackerlabs/openCenter-cli/internal/template/registry.go:366.41,368.3 1 0
github.com/rackerlabs/openCenter-cli/internal/template/registry.go:370.2,370.15 1 0
github.com/rackerlabs/openCenter-cli/internal/template/registry.go:374.74,378.45 3 0
github.com/rackerlabs/openCenter-cli/internal/template/registry.go:378.45,380.3 1 0
github.com/rackerlabs/openCenter-cli/internal/template/registry.go:383.2,383.39 1 0
github.com/rackerlabs/openCenter-cli/internal/template/registry.go:383.39,384.45 1 0
github.com/rackerlabs/openCenter-cli/internal/template/registry.go:384.45,385.19 1 0
github.com/rackerlabs/openCenter-cli/internal/template/registry.go:385.19,387.5 1 0
github.com/rackerlabs/openCenter-cli/internal/template/registry.go:391.2,392.12 2 0
